d:\projects\tiger_wood\openvr\samples\driver_sample\driver_sample\x64\debug\vc143.pdb
d:\projects\tiger_wood\openvr\samples\driver_sample\driver_sample\x64\debug\vc143.idb
d:\projects\tiger_wood\openvr\samples\driver_sample\driver_sample\x64\debug\driver_sample.obj
d:\projects\tiger_wood\openvr\samples\driver_sample\driver_sample\x64\debug\driverlog.obj
d:\projects\tiger_wood\openvr\samples\driver_sample\driver_sample\x64\debug\cwatchdogdriver_sample.obj
d:\projects\tiger_wood\openvr\samples\driver_sample\driver_sample\x64\debug\ctcpclient.obj
d:\projects\tiger_wood\openvr\samples\driver_sample\driver_sample\x64\debug\cserverdriver_sample.obj
d:\projects\tiger_wood\openvr\samples\driver_sample\driver_sample\x64\debug\csampledevicedriver.obj
d:\projects\tiger_wood\openvr\samples\driver_sample\driver_sample\x64\debug\csamplecontrollerdriver.obj
d:\projects\tiger_wood\openvr\samples\driver_sample\driver_sample\x64\debug\cposedatareceiver.obj
d:\projects\tiger_wood\openvr\samples\driver_sample\driver_sample\x64\debug\basics.obj
d:\projects\tiger_wood\openvr\samples\driver_sample\driver_sample\x64\debug\jpge.obj
d:\projects\tiger_wood\openvr\samples\driver_sample\driver_sample\x64\debug\cvisionserver.obj
d:\projects\tiger_wood\openvr\samples\driver_sample\driver_sample\x64\debug\cframecapture.obj
d:\projects\tiger_wood\openvr\samples\driver_sample\bin\drivers\sample\bin\win64\driver_sample.dll
d:\projects\tiger_wood\openvr\samples\driver_sample\bin\drivers\sample\bin\win64\driver_sample.pdb
d:\projects\tiger_wood\openvr\samples\driver_sample\bin\drivers\sample\bin\win64\driver_sample.lib
d:\projects\tiger_wood\openvr\samples\driver_sample\bin\drivers\sample\bin\win64\driver_sample.exp
d:\projects\tiger_wood\openvr\samples\driver_sample\driver_sample\x64\debug\driver_sample.ilk
d:\projects\tiger_wood\openvr\samples\driver_sample\\bin\drivers\sample\bin\win64\driver_sample.pdb
d:\projects\tiger_wood\openvr\samples\driver_sample\driver_sample\x64\debug\driver_sample.tlog\cl.command.1.tlog
d:\projects\tiger_wood\openvr\samples\driver_sample\driver_sample\x64\debug\driver_sample.tlog\cl.items.tlog
d:\projects\tiger_wood\openvr\samples\driver_sample\driver_sample\x64\debug\driver_sample.tlog\cl.read.1.tlog
d:\projects\tiger_wood\openvr\samples\driver_sample\driver_sample\x64\debug\driver_sample.tlog\cl.write.1.tlog
d:\projects\tiger_wood\openvr\samples\driver_sample\driver_sample\x64\debug\driver_sample.tlog\link.command.1.tlog
d:\projects\tiger_wood\openvr\samples\driver_sample\driver_sample\x64\debug\driver_sample.tlog\link.read.1.tlog
d:\projects\tiger_wood\openvr\samples\driver_sample\driver_sample\x64\debug\driver_sample.tlog\link.secondary.1.tlog
d:\projects\tiger_wood\openvr\samples\driver_sample\driver_sample\x64\debug\driver_sample.tlog\link.write.1.tlog
